d:\программирование\good project\winapi\project\win32project4\debug\win32project4.pch
d:\программирование\good project\winapi\project\win32project4\debug\stdafx.obj
d:\программирование\good project\winapi\project\win32project4\debug\vc110.pdb
d:\программирование\good project\winapi\project\win32project4\debug\win32project4.obj
d:\программирование\good project\winapi\project\debug\win32project4.ilk
d:\программирование\good project\winapi\project\debug\win32project4.exe
d:\программирование\good project\winapi\project\debug\win32project4.pdb
d:\программирование\good project\winapi\project\win32project4\debug\win32project4.res
c:\users\08598\desktop\project\win32project4\debug\win32project4.pch
c:\users\08598\desktop\project\win32project4\debug\vc140.pdb
c:\users\08598\desktop\project\win32project4\debug\vc140.idb
c:\users\08598\desktop\project\win32project4\debug\stdafx.obj
c:\users\08598\desktop\project\win32project4\debug\win32project4.obj
c:\users\08598\desktop\project\debug\win32project4.ilk
c:\users\08598\desktop\project\debug\win32project4.exe
c:\users\08598\desktop\project\debug\win32project4.pdb
c:\users\08598\desktop\project\win32project4\debug\win32project4.res
e:\программирование\good project\2) winapi arcanoid\project\win32project4\debug\stdafx.obj
e:\программирование\good project\2) winapi arcanoid\project\win32project4\debug\win32project4.obj
e:\программирование\good project\2) winapi arcanoid\project\win32project4\debug\cl.command.1.tlog
e:\программирование\good project\2) winapi arcanoid\project\win32project4\debug\cl.read.1.tlog
e:\программирование\good project\2) winapi arcanoid\project\win32project4\debug\cl.write.1.tlog
e:\программирование\good project\2) winapi arcanoid\project\win32project4\debug\link-cvtres.read.1.tlog
e:\программирование\good project\2) winapi arcanoid\project\win32project4\debug\link-cvtres.write.1.tlog
e:\программирование\good project\2) winapi arcanoid\project\win32project4\debug\link-rc.read.1.tlog
e:\программирование\good project\2) winapi arcanoid\project\win32project4\debug\link-rc.write.1.tlog
e:\программирование\good project\2) winapi arcanoid\project\win32project4\debug\link.1088-cvtres.read.1.tlog
e:\программирование\good project\2) winapi arcanoid\project\win32project4\debug\link.1088-cvtres.write.1.tlog
e:\программирование\good project\2) winapi arcanoid\project\win32project4\debug\link.1088-rc.read.1.tlog
e:\программирование\good project\2) winapi arcanoid\project\win32project4\debug\link.1088-rc.write.1.tlog
e:\программирование\good project\2) winapi arcanoid\project\win32project4\debug\link.1088.read.1.tlog
e:\программирование\good project\2) winapi arcanoid\project\win32project4\debug\link.1088.write.1.tlog
e:\программирование\good project\2) winapi arcanoid\project\win32project4\debug\link.command.1.tlog
e:\программирование\good project\2) winapi arcanoid\project\win32project4\debug\link.read.1.tlog
e:\программирование\good project\2) winapi arcanoid\project\win32project4\debug\link.write.1.tlog
e:\программирование\good project\2) winapi arcanoid\project\win32project4\debug\rc.command.1.tlog
e:\программирование\good project\2) winapi arcanoid\project\win32project4\debug\rc.read.1.tlog
e:\программирование\good project\2) winapi arcanoid\project\win32project4\debug\rc.write.1.tlog
e:\программирование\good project\2) winapi arcanoid\project\win32project4\debug\win32project4.res
e:\программирование\good project\2) winapi arcanoid\project\win32project4\debug\win32project4.pch
e:\программирование\good project\2) winapi arcanoid\project\win32project4\debug\vc110.idb
e:\программирование\good project\2) winapi arcanoid\project\win32project4\debug\vc110.pdb
e:\программирование\good project\2) winapi arcanoid\project\debug\win32project4.pdb
e:\программирование\good project\2) winapi arcanoid\project\debug\win32project4.exe
e:\программирование\good project\2) winapi arcanoid\project\debug\win32project4.ilk
e:\программирование\good project\2) winapi arcanoid\project\win32project4\debug\win32project4.tlog\cl.command.1.tlog
e:\программирование\good project\2) winapi arcanoid\project\win32project4\debug\win32project4.tlog\cl.read.1.tlog
e:\программирование\good project\2) winapi arcanoid\project\win32project4\debug\win32project4.tlog\cl.write.1.tlog
e:\программирование\good project\2) winapi arcanoid\project\win32project4\debug\win32project4.tlog\link.command.1.tlog
e:\программирование\good project\2) winapi arcanoid\project\win32project4\debug\win32project4.tlog\link.read.1.tlog
e:\программирование\good project\2) winapi arcanoid\project\win32project4\debug\win32project4.tlog\link.write.1.tlog
e:\программирование\good project\2) winapi arcanoid\project\win32project4\debug\win32project4.tlog\rc.command.1.tlog
e:\программирование\good project\2) winapi arcanoid\project\win32project4\debug\win32project4.tlog\rc.read.1.tlog
e:\программирование\good project\2) winapi arcanoid\project\win32project4\debug\win32project4.tlog\rc.write.1.tlog
